26-03-2026 21:52:16 - INFO: Diretório criado em C:\boas\teste
26-03-2026 22:00:31 - INFO: Diretório criado em C
26-03-2026 22:14:22 - INFO: Diretório criado em Y:\boas
30-03-2026 17:58:51 - INFO: Diretório criado em C:\boas
30-03-2026 22:03:45 - INFO: Diretório criado em C:\boas2
30-03-2026 22:04:05 - INFO: Diretório criado em C:\boas2
31-03-2026 10:36:05 - INFO: Diretório criado em C:\boas
31-03-2026 12:05:40 - AVISO: Permissőes alteradas em 
01-04-2026 12:36:28 - ALERTA: Ficheiros maiores que 100MB encontrados em Z:
01-04-2026 15:25:33 - ALERTA: Ficheiros maiores que 100MB encontrados em C:\
01-04-2026 15:26:20 - ALERTA: Ficheiros maiores que 100MB encontrados em Z:
01-04-2026 15:32:44 - ALERTA: Ficheiros maiores que 100MB encontrados em D:
02-04-2026 13:13:31 - ALERTA: Ficheiros maiores que 100MB encontrados em D:
02-04-2026 13:14:11 - AVISO: Permissőes alteradas em 
02-04-2026 13:17:53 - AVISO: Permissőes alteradas em 
02-04-2026 13:21:45 - AVISO: Permissőes alteradas em 
02-04-2026 13:22:08 - AVISO: Permissőes alteradas em 
02-04-2026 13:36:59 - AVISO: Permissőes alteradas em C:\boas
02-04-2026 13:38:00 - AVISO: Permissőes de 'Boas' alteradas em 'C:\boas'
02-04-2026 16:29:29 - AVISO: Permissőes de '' alteradas em 'D:'
02-04-2026 16:29:36 - ALERTA: Ficheiros maiores que 100MB encontrados em D:
02-04-2026 16:45:03 - ALERTA: Ficheiros maiores que 100MB encontrados em D:
02-04-2026 16:45:12 - ALERTA: Ficheiros maiores que 100MB encontrados em Z:
02-04-2026 17:07:29 - AVISO: Permissőes de '' alteradas em 'D:'
02-04-2026 17:19:18 - AVISO: Permissőes de 'Boas' alteradas para 'Read & Write' em 'D:'
